  Stih.cpp
C:\Users\Administrator\source\repos\Stih\Stih\Stih.cpp(12,13): warning C4566: символ, представленный универсальным именем символа "\u041B", невозможно представить в текущей кодовой странице (1252)
C:\Users\Administrator\source\repos\Stih\Stih\Stih.cpp(12,13): warning C4566: символ, представленный универсальным именем символа "\u044E", невозможно представить в текущей кодовой странице (1252)
C:\Users\Administrator\source\repos\Stih\Stih\Stih.cpp(12,13): warning C4566: символ, представленный универсальным именем символа "\u0431", невозможно представить в текущей кодовой странице (1252)
C:\Users\Administrator\source\repos\Stih\Stih\Stih.cpp(12,13): warning C4566: символ, представленный универсальным именем символа "\u0432", невозможно представить в текущей кодовой странице (1252)
C:\Users\Administrator\source\repos\Stih\Stih\Stih.cpp(12,13): warning C4566: символ, представленный универсальным именем символа "\u0438", невозможно представить в текущей кодовой странице (1252)
C:\Users\Administrator\source\repos\Stih\Stih\Stih.cpp(12,13): warning C4566: символ, представленный универсальным именем символа "\u043D", невозможно представить в текущей кодовой странице (1252)
C:\Users\Administrator\source\repos\Stih\Stih\Stih.cpp(12,13): warning C4566: символ, представленный универсальным именем символа "\u0430", невозможно представить в текущей кодовой странице (1252)
C:\Users\Administrator\source\repos\Stih\Stih\Stih.cpp(12,13): warning C4566: символ, представленный универсальным именем символа "\u0434", невозможно представить в текущей кодовой странице (1252)
C:\Users\Administrator\source\repos\Stih\Stih\Stih.cpp(12,13): warning C4566: символ, представленный универсальным именем символа "\u0435", невозможно представить в текущей кодовой странице (1252)
C:\Users\Administrator\source\repos\Stih\Stih\Stih.cpp(12,13): warning C4566: символ, представленный универсальным именем символа "\u0436", невозможно представить в текущей кодовой странице (1252)
C:\Users\Administrator\source\repos\Stih\Stih\Stih.cpp(12,13): warning C4566: символ, представленный универсальным именем символа "\u044B", невозможно представить в текущей кодовой странице (1252)
C:\Users\Administrator\source\repos\Stih\Stih\Stih.cpp(12,13): warning C4566: символ, представленный универсальным именем символа "\u0442", невозможно представить в текущей кодовой странице (1252)
C:\Users\Administrator\source\repos\Stih\Stih\Stih.cpp(12,13): warning C4566: символ, представленный универсальным именем символа "\u0445", невозможно представить в текущей кодовой странице (1252)
C:\Users\Administrator\source\repos\Stih\Stih\Stih.cpp(12,13): warning C4566: символ, представленный универсальным именем символа "\u043E", невозможно представить в текущей кодовой странице (1252)
C:\Users\Administrator\source\repos\Stih\Stih\Stih.cpp(12,13): warning C4566: символ, представленный универсальным именем символа "\u0439", невозможно представить в текущей кодовой странице (1252)
C:\Users\Administrator\source\repos\Stih\Stih\Stih.cpp(12,13): warning C4566: символ, представленный универсальным именем символа "\u0441", невозможно представить в текущей кодовой странице (1252)
C:\Users\Administrator\source\repos\Stih\Stih\Stih.cpp(12,13): warning C4566: символ, представленный универсальным именем символа "\u043B", невозможно представить в текущей кодовой странице (1252)
C:\Users\Administrator\source\repos\Stih\Stih\Stih.cpp(12,13): warning C4566: символ, представленный универсальным именем символа "\u041D", невозможно представить в текущей кодовой странице (1252)
C:\Users\Administrator\source\repos\Stih\Stih\Stih.cpp(12,13): warning C4566: символ, представленный универсальным именем символа "\u0433", невозможно представить в текущей кодовой странице (1252)
C:\Users\Administrator\source\repos\Stih\Stih\Stih.cpp(12,13): warning C4566: символ, представленный универсальным именем символа "\u043C", невозможно представить в текущей кодовой странице (1252)
C:\Users\Administrator\source\repos\Stih\Stih\Stih.cpp(12,13): warning C4566: символ, представленный универсальным именем символа "\u0418", невозможно представить в текущей кодовой странице (1252)
C:\Users\Administrator\source\repos\Stih\Stih\Stih.cpp(12,13): warning C4566: символ, представленный универсальным именем символа "\u0447", невозможно представить в текущей кодовой странице (1252)
C:\Users\Administrator\source\repos\Stih\Stih\Stih.cpp(12,13): warning C4566: символ, представленный универсальным именем символа "\u0437", невозможно представить в текущей кодовой странице (1252)
C:\Users\Administrator\source\repos\Stih\Stih\Stih.cpp(12,13): warning C4566: символ, представленный универсальным именем символа "\u041A", невозможно представить в текущей кодовой странице (1252)
C:\Users\Administrator\source\repos\Stih\Stih\Stih.cpp(12,13): warning C4566: символ, представленный универсальным именем символа "\u043A", невозможно представить в текущей кодовой странице (1252)
C:\Users\Administrator\source\repos\Stih\Stih\Stih.cpp(12,13): warning C4566: символ, представленный универсальным именем символа "\u0443", невозможно представить в текущей кодовой странице (1252)
C:\Users\Administrator\source\repos\Stih\Stih\Stih.cpp(12,13): warning C4566: символ, представленный универсальным именем символа "\u0440", невозможно представить в текущей кодовой странице (1252)
  Stih.vcxproj -> C:\Users\Administrator\source\repos\Stih\x64\Debug\Stih.exe
